#
# There is insufficient memory for the Java Runtime Environment to continue.
# Native memory allocation (malloc) failed to allocate 547856 bytes for Chunk::new
# Possible reasons:
#   The system is out of physical RAM or swap space
#   The process is running with CompressedOops enabled, and the Java Heap may be blocking the growth of the native heap
# Possible solutions:
#   Reduce memory load on the system
#   Increase physical memory or swap space
#   Check if swap backing store is full
#   Decrease Java heap size (-Xmx/-Xms)
#   Decrease number of Java threads
#
#  
# Java VM: OpenJDK 64-Bit Server VM (25.472-b08 mixed mode windows-amd64 compressed oops)
# Failed to write core dump. Minidumps are not enabled by default on client versions of Windows
#

---------------  T H R E A D  ---------------

Current thread (0x00000258d8c7a800):  JavaThread "C2 CompilerThread0" daemon [_thread_in_native, id=4784, stack(0x0000005ec0200000,0x0000005ec0300000)]

Stack: [0x0000005ec0200000,0x0000005ec0300000]
[error occurred during error reporting (printing stack bounds), id 0xc0000005]

Native frames: (J=compiled Java code, j=interpreted, Vv=VM code, C=native code)


Current CompileTask:
C2: 399283 9659       4       java.io.ObjectOutputStream::writeClassDesc (60 bytes)


---------------  P R O C E S S  ---------------

Java Threads: ( => current thread )
  0x00000258ddee0000 JavaThread "Cache worker for cache directory md-supplier (C:\Users\ASUS\.gradle\caches\8.9\md-supplier)" [_thread_blocked, id=18460, stack(0x0000005ec1e00000,0x0000005ec1f00000)]
  0x00000258ddedf000 JavaThread "Cache worker for cache directory md-rule (C:\Users\ASUS\.gradle\caches\8.9\md-rule)" [_thread_blocked, id=38164, stack(0x0000005ec1c00000,0x0000005ec1d00000)]
  0x00000258ddedb000 JavaThread "Cache worker for checksums cache (C:\Users\ASUS\Desktop\AgroVision\android-app\.gradle\8.9\checksums)" [_thread_blocked, id=20892, stack(0x0000005ec1600000,0x0000005ec1700000)]
  0x00000258ddedd800 JavaThread "Cache worker for Build Output Cleanup Cache (C:\Users\ASUS\Desktop\AgroVision\android-app\.gradle\buildOutputCleanup)" [_thread_blocked, id=15744, stack(0x0000005ec1500000,0x0000005ec1600000)]
  0x00000258ddedc000 JavaThread "Cache worker for file hash cache (C:\Users\ASUS\Desktop\AgroVision\android-app\.gradle\8.9\fileHashes)" [_thread_blocked, id=9156, stack(0x0000005ec1100000,0x0000005ec1200000)]
  0x00000258dd364000 JavaThread "Daemon client event forwarder" [_thread_blocked, id=2420, stack(0x0000005ec1000000,0x0000005ec1100000)]
  0x00000258dd356000 JavaThread "Stdin handler" [_thread_blocked, id=34880, stack(0x0000005ec0f00000,0x0000005ec1000000)]
  0x00000258dd357800 JavaThread "Asynchronous log dispatcher for DefaultDaemonConnection: socket connection from /127.0.0.1:65309 to /127.0.0.1:50511" [_thread_blocked, id=4384, stack(0x0000005ec0e00000,0x0000005ec0f00000)]
  0x00000258da227800 JavaThread "Cancel handler" [_thread_blocked, id=37096, stack(0x0000005ec0b00000,0x0000005ec0c00000)]
  0x00000258da226000 JavaThread "Handler for socket connection from /127.0.0.1:65309 to /127.0.0.1:50511" [_thread_in_native, id=7236, stack(0x0000005ebf100000,0x0000005ebf200000)]
  0x00000258da229800 JavaThread "VFS cleanup Thread 2" [_thread_blocked, id=32468, stack(0x0000005ec0d00000,0x0000005ec0e00000)]
  0x00000258dd363800 JavaThread "Daemon worker Thread 2" [_thread_in_Java, id=20328, stack(0x0000005ec0c00000,0x0000005ec0d00000)]
  0x00000258dd358800 JavaThread "Daemon Thread 2" [_thread_blocked, id=2524, stack(0x0000005ebf000000,0x0000005ebf100000)]
  0x00000258dd35f800 JavaThread "jar transforms Thread 12" [_thread_blocked, id=23616, stack(0x0000005ec2800000,0x0000005ec2900000)]
  0x00000258dd362000 JavaThread "jar transforms Thread 11" [_thread_blocked, id=36928, stack(0x0000005ec2700000,0x0000005ec2800000)]
  0x00000258dd361000 JavaThread "jar transforms Thread 10" [_thread_blocked, id=22684, stack(0x0000005ec2600000,0x0000005ec2700000)]
  0x00000258dd35f000 JavaThread "jar transforms Thread 9" [_thread_blocked, id=4104, stack(0x0000005ec2500000,0x0000005ec2600000)]
  0x00000258dd35b000 JavaThread "jar transforms Thread 8" [_thread_blocked, id=23068, stack(0x0000005ec2400000,0x0000005ec2500000)]
  0x00000258dd35e000 JavaThread "jar transforms Thread 7" [_thread_blocked, id=14588, stack(0x0000005ec2300000,0x0000005ec2400000)]
  0x00000258dd35d000 JavaThread "jar transforms Thread 6" [_thread_blocked, id=8444, stack(0x0000005ec2200000,0x0000005ec2300000)]
  0x00000258dd35b800 JavaThread "jar transforms Thread 5" [_thread_blocked, id=34952, stack(0x0000005ec2100000,0x0000005ec2200000)]
  0x00000258dd357000 JavaThread "jar transforms Thread 4" [_thread_blocked, id=29676, stack(0x0000005ec2000000,0x0000005ec2100000)]
  0x00000258dd359800 JavaThread "Cache worker for file content cache (C:\Users\ASUS\.gradle\caches\8.9\fileContent)" [_thread_blocked, id=25816, stack(0x0000005ec1d00000,0x0000005ec1e00000)]
  0x00000258dd355800 JavaThread "jar transforms Thread 3" [_thread_blocked, id=18548, stack(0x0000005ec1b00000,0x0000005ec1c00000)]
  0x00000258da22b000 JavaThread "jar transforms Thread 2" [_thread_blocked, id=5644, stack(0x0000005ec1a00000,0x0000005ec1b00000)]
  0x00000258da22b800 JavaThread "jar transforms" [_thread_blocked, id=11464, stack(0x0000005ec1900000,0x0000005ec1a00000)]
  0x00000258da22c800 JavaThread "File watcher consumer" daemon [_thread_blocked, id=28948, stack(0x0000005ec1800000,0x0000005ec1900000)]
  0x00000258da22a000 JavaThread "File watcher server" daemon [_thread_in_native, id=23800, stack(0x0000005ec1700000,0x0000005ec1800000)]
  0x00000258da227000 JavaThread "Cache worker for file hash cache (C:\Users\ASUS\.gradle\caches\8.9\fileHashes)" [_thread_blocked, id=4900, stack(0x0000005ec1400000,0x0000005ec1500000)]
  0x00000258da225800 JavaThread "File lock request listener" [_thread_in_native, id=33296, stack(0x0000005ec1300000,0x0000005ec1400000)]
  0x00000258da228800 JavaThread "Cache worker for journal cache (C:\Users\ASUS\.gradle\caches\journal-1)" [_thread_blocked, id=11324, stack(0x0000005ec1200000,0x0000005ec1300000)]
  0x00000258d9b74800 JavaThread "Daemon periodic checks" [_thread_blocked, id=24612, stack(0x0000005ec0a00000,0x0000005ec0b00000)]
  0x00000258d94d8000 JavaThread "Incoming local TCP Connector on port 65309" [_thread_in_native, id=22220, stack(0x0000005ec0900000,0x0000005ec0a00000)]
  0x00000258dac9a800 JavaThread "Daemon health stats" [_thread_blocked, id=6956, stack(0x0000005ec0800000,0x0000005ec0900000)]
  0x00000258d8cfc000 JavaThread "Service Thread" daemon [_thread_blocked, id=5448, stack(0x0000005ec0600000,0x0000005ec0700000)]
  0x00000258d8c87000 JavaThread "C1 CompilerThread3" daemon [_thread_blocked, id=32712, stack(0x0000005ec0500000,0x0000005ec0600000)]
  0x00000258d8c82000 JavaThread "C2 CompilerThread2" daemon [_thread_blocked, id=30456, stack(0x0000005ec0400000,0x0000005ec0500000)]
  0x00000258d8c7b800 JavaThread "C2 CompilerThread1" daemon [_thread_blocked, id=26040, stack(0x0000005ec0300000,0x0000005ec0400000)]
=>0x00000258d8c7a800 JavaThread "C2 CompilerThread0" daemon [_thread_in_native, id=4784, stack(0x0000005ec0200000,0x0000005ec0300000)]
  0x00000258d6776000 JavaThread "Attach Listener" daemon [_thread_blocked, id=5480, stack(0x0000005ec0100000,0x0000005ec0200000)]
  0x00000258d6773000 JavaThread "Signal Dispatcher" daemon [_thread_blocked, id=27872, stack(0x0000005ec0000000,0x0000005ec0100000)]
  0x00000258d6749000 JavaThread "Finalizer" daemon [_thread_blocked, id=28240, stack(0x0000005ebff00000,0x0000005ec0000000)]
  0x00000258d6742000 JavaThread "Reference Handler" daemon [_thread_blocked, id=19920, stack(0x0000005ebfe00000,0x0000005ebff00000)]
  0x00000258c3bc5800 JavaThread "main" [_thread_blocked, id=21880, stack(0x0000005ebf200000,0x0000005ebf300000)]

Other Threads:
  0x00000258d671a800 VMThread [stack: 0x0000005ebfd00000,0x0000005ebfe00000] [id=35776]
  0x00000258d8d05000 WatcherThread [stack: 0x0000005ec0700000,0x0000005ec0800000] [id=14220]

VM state:not at safepoint (normal execution)

VM Mutex/Monitor currently owned by a thread: None

heap address: 0x00000000e0000000, size: 512 MB, Compressed Oops mode: 32-bit
Narrow klass base: 0x0000000000000000, Narrow klass shift: 3
Compressed class space size: 1073741824 Address: 0x0000000100000000

Heap:
 PSYoungGen      total 151040K, used 40965K [0x00000000f5580000, 0x00000000fff00000, 0x0000000100000000)
  eden space 145920K, 24% used [0x00000000f5580000,0x00000000f789fa70,0x00000000fe400000)
  from space 5120K, 97% used [0x00000000fe400000,0x00000000fe8e1ad0,0x00000000fe900000)
  to   space 13824K, 0% used [0x00000000ff180000,0x00000000ff180000,0x00000000fff00000)
 ParOldGen       total 175104K, used 42327K [0x00000000e0000000, 0x00000000eab00000, 0x00000000f5580000)
  object space 175104K, 24% used [0x00000000e0000000,0x00000000e2955de8,0x00000000eab00000)
 Metaspace       used 65617K, capacity 71142K, committed 71344K, reserved 1110016K
  class space    used 9209K, capacity 10095K, committed 10160K, reserved 1048576K

Card table byte_map: [0x00000258d49d0000,0x00000258d4ae0000] byte_map_base: 0x00000258d42d0000

Marking Bits: (ParMarkBitMap*) 0x000000006c9bf940
 Begin Bits: [0x00000258d4b90000, 0x00000258d5390000)
 End Bits:   [0x00000258d5390000, 0x00000258d5b90000)

Polling page: 0x00000258c55e0000

CodeCache: size=245760Kb used=25609Kb max_used=25609Kb free=220150Kb
 bounds [0x00000258c5610000, 0x00000258c6f40000, 0x00000258d4610000]
 total_blobs=8920 nmethods=8074 adapters=757
 compilation: enabled

Compilation events (10 events):
Event: 397.281 Thread 0x00000258d8c87000 9704       3       java.lang.Math::multiplyExact (74 bytes)
Event: 397.283 Thread 0x00000258d8c87000 nmethod 9704 0x00000258c6f30510 code [0x00000258c6f306a0, 0x00000258c6f30bf0]
Event: 397.287 Thread 0x00000258d8c87000 9705       3       com.google.common.collect.ImmutableSet$Builder::<init> (31 bytes)
Event: 397.289 Thread 0x00000258d8c87000 nmethod 9705 0x00000258c6f30d90 code [0x00000258c6f30f20, 0x00000258c6f31438]
Event: 397.289 Thread 0x00000258d8c87000 9706       3       org.gradle.internal.component.external.model.DefaultConfigurationMetadata::<init> (36 bytes)
Event: 397.290 Thread 0x00000258d8c87000 nmethod 9706 0x00000258c6f31690 code [0x00000258c6f31800, 0x00000258c6f31a30]
Event: 397.291 Thread 0x00000258d8c87000 9707       3       org.gradle.api.internal.attributes.DefaultAttributesSchema::withProducer (21 bytes)
Event: 397.294 Thread 0x00000258d8c87000 nmethod 9707 0x00000258c6f31b10 code [0x00000258c6f31cc0, 0x00000258c6f32470]
Event: 397.294 Thread 0x00000258d8c87000 9708       3       org.gradle.api.internal.attributes.DefaultAttributesSchema$$Lambda$385/312309231::<init> (15 bytes)
Event: 397.294 Thread 0x00000258d8c87000 nmethod 9708 0x00000258c6f327d0 code [0x00000258c6f32920, 0x00000258c6f32af8]

GC Heap History (10 events):
Event: 21.525 GC heap before
{Heap before GC invocations=16 (full 2):
 PSYoungGen      total 159744K, used 152524K [0x00000000f5580000, 0x0000000100000000, 0x0000000100000000)
  eden space 144896K, 100% used [0x00000000f5580000,0x00000000fe300000,0x00000000fe300000)
  from space 14848K, 51% used [0x00000000fe300000,0x00000000fea73238,0x00000000ff180000)
  to   space 14336K, 0% used [0x00000000ff200000,0x00000000ff200000,0x0000000100000000)
 ParOldGen       total 175104K, used 31280K [0x00000000e0000000, 0x00000000eab00000, 0x00000000f5580000)
  object space 175104K, 17% used [0x00000000e0000000,0x00000000e1e8c2a0,0x00000000eab00000)
 Metaspace       used 55016K, capacity 59018K, committed 59160K, reserved 1099776K
  class space    used 7812K, capacity 8527K, committed 8624K, reserved 1048576K
Event: 21.539 GC heap after
Heap after GC invocations=16 (full 2):
 PSYoungGen      total 158208K, used 7918K [0x00000000f5580000, 0x00000000ffe80000, 0x0000000100000000)
  eden space 145408K, 0% used [0x00000000f5580000,0x00000000f5580000,0x00000000fe380000)
  from space 12800K, 61% used [0x00000000ff200000,0x00000000ff9bbac8,0x00000000ffe80000)
  to   space 13824K, 0% used [0x00000000fe380000,0x00000000fe380000,0x00000000ff100000)
 ParOldGen       total 175104K, used 36412K [0x00000000e0000000, 0x00000000eab00000, 0x00000000f5580000)
  object space 175104K, 20% used [0x00000000e0000000,0x00000000e238f2d0,0x00000000eab00000)
 Metaspace       used 55016K, capacity 59018K, committed 59160K, reserved 1099776K
  class space    used 7812K, capacity 8527K, committed 8624K, reserved 1048576K
}
Event: 21.614 GC heap before
{Heap before GC invocations=17 (full 2):
 PSYoungGen      total 158208K, used 13543K [0x00000000f5580000, 0x00000000ffe80000, 0x0000000100000000)
  eden space 145408K, 3% used [0x00000000f5580000,0x00000000f5afe360,0x00000000fe380000)
  from space 12800K, 61% used [0x00000000ff200000,0x00000000ff9bbac8,0x00000000ffe80000)
  to   space 13824K, 0% used [0x00000000fe380000,0x00000000fe380000,0x00000000ff100000)
 ParOldGen       total 175104K, used 36412K [0x00000000e0000000, 0x00000000eab00000, 0x00000000f5580000)
  object space 175104K, 20% used [0x00000000e0000000,0x00000000e238f2d0,0x00000000eab00000)
 Metaspace       used 55122K, capacity 59050K, committed 59160K, reserved 1099776K
  class space    used 7833K, capacity 8559K, committed 8624K, reserved 1048576K
Event: 21.623 GC heap after
Heap after GC invocations=17 (full 2):
 PSYoungGen      total 159232K, used 1184K [0x00000000f5580000, 0x0000000100000000, 0x0000000100000000)
  eden space 145408K, 0% used [0x00000000f5580000,0x00000000f5580000,0x00000000fe380000)
  from space 13824K, 8% used [0x00000000fe380000,0x00000000fe4a8010,0x00000000ff100000)
  to   space 14336K, 0% used [0x00000000ff200000,0x00000000ff200000,0x0000000100000000)
 ParOldGen       total 175104K, used 40210K [0x00000000e0000000, 0x00000000eab00000, 0x00000000f5580000)
  object space 175104K, 22% used [0x00000000e0000000,0x00000000e2744b30,0x00000000eab00000)
 Metaspace       used 55122K, capacity 59050K, committed 59160K, reserved 1099776K
  class space    used 7833K, capacity 8559K, committed 8624K, reserved 1048576K
}
Event: 21.623 GC heap before
{Heap before GC invocations=18 (full 3):
 PSYoungGen      total 159232K, used 1184K [0x00000000f5580000, 0x0000000100000000, 0x0000000100000000)
  eden space 145408K, 0% used [0x00000000f5580000,0x00000000f5580000,0x00000000fe380000)
  from space 13824K, 8% used [0x00000000fe380000,0x00000000fe4a8010,0x00000000ff100000)
  to   space 14336K, 0% used [0x00000000ff200000,0x00000000ff200000,0x0000000100000000)
 ParOldGen       total 175104K, used 40210K [0x00000000e0000000, 0x00000000eab00000, 0x00000000f5580000)
  object space 175104K, 22% used [0x00000000e0000000,0x00000000e2744b30,0x00000000eab00000)
 Metaspace       used 55122K, capacity 59050K, committed 59160K, reserved 1099776K
  class space    used 7833K, capacity 8559K, committed 8624K, reserved 1048576K
Event: 21.839 GC heap after
Heap after GC invocations=18 (full 3):
 PSYoungGen      total 159232K, used 0K [0x00000000f5580000, 0x0000000100000000, 0x0000000100000000)
  eden space 145408K, 0% used [0x00000000f5580000,0x00000000f5580000,0x00000000fe380000)
  from space 13824K, 0% used [0x00000000fe380000,0x00000000fe380000,0x00000000ff100000)
  to   space 14336K, 0% used [0x00000000ff200000,0x00000000ff200000,0x0000000100000000)
 ParOldGen       total 175104K, used 37907K [0x00000000e0000000, 0x00000000eab00000, 0x00000000f5580000)
  object space 175104K, 21% used [0x00000000e0000000,0x00000000e2504f98,0x00000000eab00000)
 Metaspace       used 55013K, capacity 58852K, committed 59160K, reserved 1099776K
  class space    used 7797K, capacity 8489K, committed 8624K, reserved 1048576K
}
Event: 31.145 GC heap before
{Heap before GC invocations=19 (full 3):
 PSYoungGen      total 159232K, used 145408K [0x00000000f5580000, 0x0000000100000000, 0x0000000100000000)
  eden space 145408K, 100% used [0x00000000f5580000,0x00000000fe380000,0x00000000fe380000)
  from space 13824K, 0% used [0x00000000fe380000,0x00000000fe380000,0x00000000ff100000)
  to   space 14336K, 0% used [0x00000000ff200000,0x00000000ff200000,0x0000000100000000)
 ParOldGen       total 175104K, used 37907K [0x00000000e0000000, 0x00000000eab00000, 0x00000000f5580000)
  object space 175104K, 21% used [0x00000000e0000000,0x00000000e2504f98,0x00000000eab00000)
 Metaspace       used 63120K, capacity 67964K, committed 68144K, reserved 1107968K
  class space    used 8912K, capacity 9741K, committed 9776K, reserved 1048576K
Event: 31.158 GC heap after
Heap after GC invocations=19 (full 3):
 PSYoungGen      total 160256K, used 8523K [0x00000000f5580000, 0x0000000100000000, 0x0000000100000000)
  eden space 145920K, 0% used [0x00000000f5580000,0x00000000f5580000,0x00000000fe400000)
  from space 14336K, 59% used [0x00000000ff200000,0x00000000ffa52d88,0x0000000100000000)
  to   space 14336K, 0% used [0x00000000fe400000,0x00000000fe400000,0x00000000ff200000)
 ParOldGen       total 175104K, used 37987K [0x00000000e0000000, 0x00000000eab00000, 0x00000000f5580000)
  object space 175104K, 21% used [0x00000000e0000000,0x00000000e2518fa8,0x00000000eab00000)
 Metaspace       used 63120K, capacity 67964K, committed 68144K, reserved 1107968K
  class space    used 8912K, capacity 9741K, committed 9776K, reserved 1048576K
}
Event: 368.721 GC heap before
{Heap before GC invocations=20 (full 3):
 PSYoungGen      total 160256K, used 154443K [0x00000000f5580000, 0x0000000100000000, 0x0000000100000000)
  eden space 145920K, 100% used [0x00000000f5580000,0x00000000fe400000,0x00000000fe400000)
  from space 14336K, 59% used [0x00000000ff200000,0x00000000ffa52d88,0x0000000100000000)
  to   space 14336K, 0% used [0x00000000fe400000,0x00000000fe400000,0x00000000ff200000)
 ParOldGen       total 175104K, used 37987K [0x00000000e0000000, 0x00000000eab00000, 0x00000000f5580000)
  object space 175104K, 21% used [0x00000000e0000000,0x00000000e2518fa8,0x00000000eab00000)
 Metaspace       used 65269K, capacity 70746K, committed 71088K, reserved 1110016K
  class space    used 9182K, capacity 10061K, committed 10160K, reserved 1048576K
Event: 369.514 GC heap after
Heap after GC invocations=20 (full 3):
 PSYoungGen      total 151040K, used 4998K [0x00000000f5580000, 0x00000000fff00000, 0x0000000100000000)
  eden space 145920K, 0% used [0x00000000f5580000,0x00000000f5580000,0x00000000fe400000)
  from space 5120K, 97% used [0x00000000fe400000,0x00000000fe8e1ad0,0x00000000fe900000)
  to   space 13824K, 0% used [0x00000000ff180000,0x00000000ff180000,0x00000000fff00000)
 ParOldGen       total 175104K, used 42327K [0x00000000e0000000, 0x00000000eab00000, 0x00000000f5580000)
  object space 175104K, 24% used [0x00000000e0000000,0x00000000e2955de8,0x00000000eab00000)
 Metaspace       used 65269K, capacity 70746K, committed 71088K, reserved 1110016K
  class space    used 9182K, capacity 10061K, committed 10160K, reserved 1048576K
}

Deoptimization events (10 events):
Event: 33.701 Thread 0x00000258d8fab000 Uncommon trap: reason=bimorphic action=maybe_recompile pc=0x00000258c6944cb0 method=org.gradle.internal.serialize.ExceptionPlaceholder$2.transform(Ljava/lang/Object;)Ljava/lang/Object; @ 19
Event: 33.701 Thread 0x00000258d8fab000 Uncommon trap: reason=bimorphic action=maybe_recompile pc=0x00000258c6944cb0 method=org.gradle.internal.serialize.ExceptionPlaceholder$2.transform(Ljava/lang/Object;)Ljava/lang/Object; @ 19
Event: 33.701 Thread 0x00000258d8fab000 Uncommon trap: reason=bimorphic action=maybe_recompile pc=0x00000258c6944cb0 method=org.gradle.internal.serialize.ExceptionPlaceholder$2.transform(Ljava/lang/Object;)Ljava/lang/Object; @ 19
Event: 358.331 Thread 0x00000258dd363800 Uncommon trap: reason=bimorphic action=maybe_recompile pc=0x00000258c6145bc4 method=java.io.DataInputStream.readChar()C @ 4
Event: 360.160 Thread 0x00000258dd363800 Uncommon trap: reason=unstable_if action=reinterpret pc=0x00000258c618e03c method=java.util.AbstractList.equals(Ljava/lang/Object;)Z @ 85
Event: 360.390 Thread 0x00000258dd363800 Uncommon trap: reason=unstable_if action=reinterpret pc=0x00000258c583cf68 method=java.lang.reflect.Proxy.isProxyClass(Ljava/lang/Class;)Z @ 6
Event: 368.215 Thread 0x00000258dd363800 Uncommon trap: reason=null_check action=make_not_entrant pc=0x00000258c6d6aa60 method=org.gradle.util.internal.SimpleMapInterner.intern(Ljava/lang/Object;)Ljava/lang/Object; @ 2
Event: 368.216 Thread 0x00000258dd363800 Uncommon trap: reason=unstable_if action=reinterpret pc=0x00000258c6d67320 method=org.gradle.util.internal.SimpleMapInterner.intern(Ljava/lang/String;)Ljava/lang/String; @ 1
Event: 368.356 Thread 0x00000258dd363800 Uncommon trap: reason=class_check action=maybe_recompile pc=0x00000258c62db3d4 method=java.lang.Throwable.<init>(Ljava/lang/String;Ljava/lang/Throwable;)V @ 24
Event: 372.391 Thread 0x00000258dd363800 Uncommon trap: reason=bimorphic action=maybe_recompile pc=0x00000258c6145bc4 method=java.io.DataInputStream.readChar()C @ 4

Classes redefined (0 events):
No events

Internal exceptions (10 events):
Event: 373.122 Thread 0x00000258dd363800 Exception <a 'sun/nio/fs/WindowsException'> (0x00000000f720d118) thrown at [C:\workspace\openjdk-build\workspace\build\src\hotspot\src\share\vm\prims\jni.cpp, line 712]
Event: 381.279 Thread 0x00000258dd363800 Exception <a 'java/lang/ClassNotFoundException': settings_eh5srsnmgxfmbx9p8ih7y3s4lBeanInfo> (0x00000000f735d450) thrown at [C:\workspace\openjdk-build\workspace\build\src\hotspot\src\share\vm\classfile\systemDictionary.cpp, line 217]
Event: 381.287 Thread 0x00000258dd363800 Exception <a 'java/lang/ClassNotFoundException': settings_eh5srsnmgxfmbx9p8ih7y3s4lCustomizer> (0x00000000f7370ea8) thrown at [C:\workspace\openjdk-build\workspace\build\src\hotspot\src\share\vm\classfile\systemDictionary.cpp, line 217]
Event: 381.656 Thread 0x00000258dd363800 Exception <a 'sun/nio/fs/WindowsException'> (0x00000000f74f3a28) thrown at [C:\workspace\openjdk-build\workspace\build\src\hotspot\src\share\vm\prims\jni.cpp, line 712]
Event: 381.658 Thread 0x00000258dd363800 Exception <a 'sun/nio/fs/WindowsException'> (0x00000000f74f5d40) thrown at [C:\workspace\openjdk-build\workspace\build\src\hotspot\src\share\vm\prims\jni.cpp, line 712]
Event: 381.729 Thread 0x00000258dd363800 Exception <a 'sun/nio/fs/WindowsException'> (0x00000000f753f570) thrown at [C:\workspace\openjdk-build\workspace\build\src\hotspot\src\share\vm\prims\jni.cpp, line 712]
Event: 381.783 Thread 0x00000258dd363800 Exception <a 'sun/nio/fs/WindowsException'> (0x00000000f758d6f8) thrown at [C:\workspace\openjdk-build\workspace\build\src\hotspot\src\share\vm\prims\jni.cpp, line 712]
Event: 381.817 Thread 0x00000258dd363800 Exception <a 'sun/nio/fs/WindowsException'> (0x00000000f75bd6f0) thrown at [C:\workspace\openjdk-build\workspace\build\src\hotspot\src\share\vm\prims\jni.cpp, line 712]
Event: 396.469 Thread 0x00000258dd363800 Exception <a 'java/lang/ClassNotFoundException': settings_eh5srsnmgxfmbx9p8ih7y3s4lBeanInfo> (0x00000000f76bc258) thrown at [C:\workspace\openjdk-build\workspace\build\src\hotspot\src\share\vm\classfile\systemDictionary.cpp, line 217]
Event: 396.473 Thread 0x00000258dd363800 Exception <a 'java/lang/ClassNotFoundException': settings_eh5srsnmgxfmbx9p8ih7y3s4lCustomizer> (0x00000000f76cfc60) thrown at [C:\workspace\openjdk-build\workspace\build\src\hotspot\src\share\vm\classfile\systemDictionary.cpp, line 217]

Events (10 events):
Event: 396.470 loading class settings_eh5srsnmgxfmbx9p8ih7y3s4lCustomizer
Event: 396.470 loading class settings_eh5srsnmgxfmbx9p8ih7y3s4lCustomizer done
Event: 396.472 loading class settings_eh5srsnmgxfmbx9p8ih7y3s4lCustomizer
Event: 396.472 loading class settings_eh5srsnmgxfmbx9p8ih7y3s4lCustomizer done
Event: 396.482 loading class groovy/runtime/metaclass/settings_eh5srsnmgxfmbx9p8ih7y3s4l$_run_closure1MetaClass
Event: 396.482 loading class groovy/runtime/metaclass/settings_eh5srsnmgxfmbx9p8ih7y3s4l$_run_closure1MetaClass done
Event: 396.508 loading class groovy/runtime/metaclass/settings_eh5srsnmgxfmbx9p8ih7y3s4l$_run_closure1$_closure2MetaClass
Event: 396.508 loading class groovy/runtime/metaclass/settings_eh5srsnmgxfmbx9p8ih7y3s4l$_run_closure1$_closure2MetaClass done
Event: 396.613 Executing VM operation: BulkRevokeBias
Event: 396.614 Executing VM operation: BulkRevokeBias done


Dynamic libraries:
0x00007ff62e0c0000 - 0x00007ff62e10d000 	C:\Program Files\Eclipse Adoptium\jre-8.0.472.8-hotspot\bin\java.exe
0x00007ff9ee700000 - 0x00007ff9ee967000 	C:\WINDOWS\SYSTEM32\ntdll.dll
0x00007ff9c8b00000 - 0x00007ff9c8b20000 	C:\Program Files\Avast Software\Avast\aswhook.dll
0x00007ff9ee3a0000 - 0x00007ff9ee469000 	C:\WINDOWS\System32\KERNEL32.DLL
0x00007ff9eb850000 - 0x00007ff9ebc3f000 	C:\WINDOWS\System32\KERNELBASE.dll
0x00007ff9ec9c0000 - 0x00007ff9eca74000 	C:\WINDOWS\System32\ADVAPI32.dll
0x00007ff9ee000000 - 0x00007ff9ee0a9000 	C:\WINDOWS\System32\msvcrt.dll
0x00007ff9ee0b0000 - 0x00007ff9ee156000 	C:\WINDOWS\System32\sechost.dll
0x00007ff9ec670000 - 0x00007ff9ec788000 	C:\WINDOWS\System32\RPCRT4.dll
0x00007ff9ec4a0000 - 0x00007ff9ec665000 	C:\WINDOWS\System32\USER32.dll
0x00007ff9ec070000 - 0x00007ff9ec097000 	C:\WINDOWS\System32\win32u.dll
0x00007ff9ee170000 - 0x00007ff9ee19b000 	C:\WINDOWS\System32\GDI32.dll
0x00007ff9ebe90000 - 0x00007ff9ebfbc000 	C:\WINDOWS\System32\gdi32full.dll
0x00007ff9ec3f0000 - 0x00007ff9ec493000 	C:\WINDOWS\System32\msvcp_win.dll
0x00007ff9ec130000 - 0x00007ff9ec27b000 	C:\WINDOWS\System32\ucrtbase.dll
0x00007ff9cbc40000 - 0x00007ff9cbed3000 	C:\WINDOWS\WinSxS\amd64_microsoft.windows.common-controls_6595b64144ccf1df_6.0.26100.7309_none_3e05feeae336a044\COMCTL32.dll
0x00007ff9ec900000 - 0x00007ff9ec931000 	C:\WINDOWS\System32\IMM32.DLL
0x00007ff987f70000 - 0x00007ff987f8e000 	C:\Program Files\Eclipse Adoptium\jre-8.0.472.8-hotspot\bin\vcruntime140.dll
0x00007ff9cf2c0000 - 0x00007ff9cf2cc000 	C:\Program Files\Eclipse Adoptium\jre-8.0.472.8-hotspot\bin\vcruntime140_1.dll
0x00007ff986650000 - 0x00007ff9866dd000 	C:\Program Files\Eclipse Adoptium\jre-8.0.472.8-hotspot\bin\msvcp140.dll
0x000000006c1a0000 - 0x000000006ca39000 	C:\Program Files\Eclipse Adoptium\jre-8.0.472.8-hotspot\bin\server\jvm.dll
0x00007ff9ee1b0000 - 0x00007ff9ee1b8000 	C:\WINDOWS\System32\PSAPI.DLL
0x00007ff9e01d0000 - 0x00007ff9e0205000 	C:\WINDOWS\SYSTEM32\WINMM.dll
0x00007ff9e1140000 - 0x00007ff9e114a000 	C:\WINDOWS\SYSTEM32\WSOCK32.dll
0x00007ff9e2460000 - 0x00007ff9e246b000 	C:\WINDOWS\SYSTEM32\VERSION.dll
0x00007ff9ee470000 - 0x00007ff9ee4e4000 	C:\WINDOWS\System32\WS2_32.dll
0x00007ff9ea5e0000 - 0x00007ff9ea5fb000 	C:\WINDOWS\SYSTEM32\kernel.appcore.dll
0x00007ff9c4f70000 - 0x00007ff9c4f80000 	C:\Program Files\Eclipse Adoptium\jre-8.0.472.8-hotspot\bin\verify.dll
0x00007ff986620000 - 0x00007ff98664b000 	C:\Program Files\Eclipse Adoptium\jre-8.0.472.8-hotspot\bin\java.dll
0x00007ff9865e0000 - 0x00007ff986617000 	C:\Program Files\Eclipse Adoptium\jre-8.0.472.8-hotspot\bin\instrument.dll
0x00007ff9865c0000 - 0x00007ff9865d8000 	C:\Program Files\Eclipse Adoptium\jre-8.0.472.8-hotspot\bin\zip.dll
0x00007ff9ed580000 - 0x00007ff9edcd3000 	C:\WINDOWS\System32\SHELL32.dll
0x00007ff9ec280000 - 0x00007ff9ec3ea000 	C:\WINDOWS\System32\wintypes.dll
0x00007ff9ed010000 - 0x00007ff9ed395000 	C:\WINDOWS\System32\combase.dll
0x00007ff9e9420000 - 0x00007ff9e9c7e000 	C:\WINDOWS\SYSTEM32\windows.storage.dll
0x00007ff9edce0000 - 0x00007ff9eddd5000 	C:\WINDOWS\System32\SHCORE.dll
0x00007ff9eca90000 - 0x00007ff9ecaf6000 	C:\WINDOWS\System32\shlwapi.dll
0x00007ff9eb770000 - 0x00007ff9eb799000 	C:\WINDOWS\SYSTEM32\profapi.dll
0x00007ff9865a0000 - 0x00007ff9865bc000 	C:\Program Files\Eclipse Adoptium\jre-8.0.472.8-hotspot\bin\net.dll
0x00007ff9eabe0000 - 0x00007ff9eac4b000 	C:\WINDOWS\system32\mswsock.dll
0x00007ff986580000 - 0x00007ff986593000 	C:\Program Files\Eclipse Adoptium\jre-8.0.472.8-hotspot\bin\nio.dll
0x00007ff9880f0000 - 0x00007ff988117000 	C:\Users\ASUS\.gradle\native\c067742578af261105cb4f569cf0c3c89f3d7b1fecec35dd04571415982c5e48\windows-amd64\native-platform.dll
0x00007ff985be0000 - 0x00007ff985d24000 	C:\Users\ASUS\.gradle\native\100fb08df4bc3b14c8652ba06237920a3bd2aa13389f12d3474272988ae205f9\windows-amd64\native-platform-file-events.dll
0x00007ff9ba370000 - 0x00007ff9ba37d000 	C:\Program Files\Eclipse Adoptium\jre-8.0.472.8-hotspot\bin\management.dll
0x00007ff9eaea0000 - 0x00007ff9eaebb000 	C:\WINDOWS\SYSTEM32\CRYPTSP.dll
0x00007ff9ea540000 - 0x00007ff9ea57a000 	C:\WINDOWS\system32\rsaenh.dll
0x00007ff9eac90000 - 0x00007ff9eacbb000 	C:\WINDOWS\SYSTEM32\USERENV.dll
0x00007ff9eb740000 - 0x00007ff9eb76a000 	C:\WINDOWS\SYSTEM32\bcrypt.dll
0x00007ff9ebfc0000 - 0x00007ff9ec065000 	C:\WINDOWS\System32\bcryptprimitives.dll
0x00007ff9eaec0000 - 0x00007ff9eaecc000 	C:\WINDOWS\SYSTEM32\CRYPTBASE.dll
0x00007ff9e9fc0000 - 0x00007ff9e9ff4000 	C:\WINDOWS\SYSTEM32\IPHLPAPI.DLL
0x00007ff9ee1a0000 - 0x00007ff9ee1aa000 	C:\WINDOWS\System32\NSI.dll
0x00007ff9e4f40000 - 0x00007ff9e4f5e000 	C:\WINDOWS\SYSTEM32\dhcpcsvc6.DLL
0x00007ff9e4e90000 - 0x00007ff9e4eb3000 	C:\WINDOWS\SYSTEM32\dhcpcsvc.DLL
0x00007ff9ea050000 - 0x00007ff9ea17c000 	C:\WINDOWS\SYSTEM32\DNSAPI.dll
0x00007ff9ea700000 - 0x00007ff9ea736000 	C:\WINDOWS\SYSTEM32\ntmarta.dll
0x00007ff986550000 - 0x00007ff986575000 	C:\Program Files\Eclipse Adoptium\jre-8.0.472.8-hotspot\bin\sunec.dll
0x00007ff9e48f0000 - 0x00007ff9e48fb000 	C:\Windows\System32\rasadhlp.dll
0x00007ff9e5210000 - 0x00007ff9e5296000 	C:\WINDOWS\System32\fwpuclnt.dll
0x00007ff9b7c50000 - 0x00007ff9b7c5e000 	C:\Program Files\Eclipse Adoptium\jre-8.0.472.8-hotspot\bin\sunmscapi.dll
0x00007ff9ebc50000 - 0x00007ff9ebdc7000 	C:\WINDOWS\System32\CRYPT32.dll
0x00007ff9eb040000 - 0x00007ff9eb070000 	C:\WINDOWS\SYSTEM32\ncrypt.dll
0x00007ff9eaff0000 - 0x00007ff9eb02f000 	C:\WINDOWS\SYSTEM32\NTASN1.dll

VM Arguments:
jvm_args: -XX:MaxMetaspaceSize=384m -XX:+HeapDumpOnOutOfMemoryError -Xms256m -Xmx512m -Dfile.encoding=utf8 -Duser.country=IE -Duser.language=en -Duser.variant -javaagent:C:\Users\ASUS\.gradle\wrapper\dists\gradle-8.9-bin\90cnw93cvbtalezasaz0blq0a\gradle-8.9\lib\agents\gradle-instrumentation-agent-8.9.jar 
java_command: org.gradle.launcher.daemon.bootstrap.GradleDaemon 8.9
java_class_path (initial): C:\Users\ASUS\.gradle\wrapper\dists\gradle-8.9-bin\90cnw93cvbtalezasaz0blq0a\gradle-8.9\lib\gradle-daemon-main-8.9.jar;C:\Users\ASUS\.gradle\wrapper\dists\gradle-8.9-bin\90cnw93cvbtalezasaz0blq0a\gradle-8.9\lib\agents\gradle-instrumentation-agent-8.9.jar
Launcher Type: SUN_STANDARD

Environment Variables:
JAVA_HOME=C:\Program Files\Eclipse Adoptium\jre-8.0.472.8-hotspot\
PATH=C:\Program Files\Eclipse Adoptium\jre-8.0.472.8-hotspot\bin;C:\Program Files\Eclipse Adoptium\jdk-17.0.14.7-hotspot\bin;C:\Program Files (x86)\Common Files\Intel\Shared Libraries\redist\intel64\compiler;C:\Windows\system32;C:\Windows;C:\Windows\System32\Wbem;C:\Windows\System32\WindowsPowerShell\v1.0\;C:\Windows\System32\OpenSSH\;C:\WINDOWS\system32;C:\WINDOWS;C:\WINDOWS\System32\Wbem;C:\WINDOWS\System32\WindowsPowerShell\v1.0\;C:\WINDOWS\System32\OpenSSH\;C:\MinGW\bin;C:\Program Files\nodejs\;C:\Program Files\NVIDIA Corporation\NVIDIA App\NvDLISR;C:\Program Files (x86)\NVIDIA Corporation\PhysX\Common;C:\Program Files\dotnet\;C:\Program Files\Git\cmd;C:\Program Files\cursor\resources\app\bin;C:\Users\ASUS\AppData\Local\Microsoft\WindowsApps;C:\Users\ASUS\AppData\Local\Programs\Microsoft VS Code\bin;C:\Program Files\Graphviz\bin;C:\Users\ASUS\AppData\Roaming\npm;C:\Users\ASUS\AppData\Local\Programs\Python\Python311\;C:\Users\ASUS\AppData\Local\Microsoft\WindowsApps\python.exe;C:\Users\ASUS\AppData\Local\Programs\Python\Python311\Scripts\;C:\Users\ASUS\.lmstudio\bin;C:\Users\ASUS\AppData\Local\GitHubDesktop\bin;C:\Users\ASUS\AppData\Local\Microsoft\WinGet\Packages\Gyan.FFmpeg_Microsoft.Winget.Source_8wekyb3d8bbwe\ffmpeg-7.1.1-full_build\bin;C:\Users\ASUS\AppData\Local\Microsoft\WinGet\Packages\yt-dlp.yt-dlp_Microsoft.Winget.Source_8wekyb3d8bbwe;C:\Users\ASUS\AppData\Local\PowerToys\DSCModules\;C:\Users\ASUS\AppData\Local\Programs\Antigravity\bin
USERNAME=ASUS
OS=Windows_NT
PROCESSOR_IDENTIFIER=AMD64 Family 23 Model 96 Stepping 1, AuthenticAMD



---------------  S Y S T E M  ---------------

OS: Windows 11 , 64 bit Build 26100 (10.0.26100.7309)

CPU:total 12 (initial active 12) (12 cores per cpu, 1 threads per core) family 23 model 96 stepping 1, cmov, cx8, fxsr, mmx, sse, sse2, sse3, ssse3, sse4.1, sse4.2, popcnt, avx, avx2, aes, clmul, mmxext, 3dnowpref, lzcnt, sse4a, tsc, tscinvbit, tscinv, bmi1

Memory: 4k page, physical 7780044k(1040516k free), swap 31897292k(28k free)

vm_info: OpenJDK 64-Bit Server VM (25.472-b08) for windows-amd64 JRE (1.8.0_472-b08), built on Oct 22 2025 04:36:40 by "ContainerUser" with unknown MS VC++:1937

time: Tue Jan  6 00:50:05 2026
timezone: India Standard Time
elapsed time: 399.313182 seconds (0d 0h 6m 39s)

