#
# There is insufficient memory for the Java Runtime Environment to continue.
# Native memory allocation (malloc) failed to allocate 1048576 bytes for AllocateHeap
# Possible reasons:
#   The system is out of physical RAM or swap space
#   The process is running with CompressedOops enabled, and the Java Heap may be blocking the growth of the native heap
# Possible solutions:
#   Reduce memory load on the system
#   Increase physical memory or swap space
#   Check if swap backing store is full
#   Decrease Java heap size (-Xmx/-Xms)
#   Decrease number of Java threads
#   Decrease Java thread stack sizes (-Xss)
#   Set larger code cache with -XX:ReservedCodeCacheSize=
#   JVM is running with Unscaled Compressed Oops mode in which the Java heap is
#     placed in the first 4GB address space. The Java Heap base address is the
#     maximum limit for the native heap growth. Please use -XX:HeapBaseMinAddress
#     to set the Java Heap base and to place the Java Heap above 4GB virtual address.
# This output file may be truncated or incomplete.
#
#  Out of Memory Error (memory/allocation.inline.hpp:61), pid=35580, tid=0x00000000000044cc
#
# JRE version:  (8.0_472-b08) (build )
# Java VM: OpenJDK 64-Bit Server VM (25.472-b08 mixed mode windows-amd64 compressed oops)
# Failed to write core dump. Minidumps are not enabled by default on client versions of Windows
#

---------------  T H R E A D  ---------------

Current thread (0x000001d563f91000):  JavaThread "Unknown thread" [_thread_in_vm, id=17612, stack(0x0000002103d00000,0x0000002103e00000)]

Stack: [0x0000002103d00000,0x0000002103e00000]
[error occurred during error reporting (printing stack bounds), id 0xc0000005]

Native frames: (J=compiled Java code, j=interpreted, Vv=VM code, C=native code)


---------------  P R O C E S S  ---------------

Java Threads: ( => current thread )

Other Threads:

=>0x000001d563f91000 (exited) JavaThread "Unknown thread" [_thread_in_vm, id=17612, stack(0x0000002103d00000,0x0000002103e00000)]

VM state:not at safepoint (normal execution)

VM Mutex/Monitor currently owned by a thread: None

heap address: 0x00000000ff000000, size: 16 MB, Compressed Oops mode: 32-bit
Narrow klass base: 0x0000000000000000, Narrow klass shift: 3
Compressed class space size: 1073741824 Address: 0x0000000100000000

Heap:
 PSYoungGen      total 4608K, used 81K [0x00000000ffb00000, 0x0000000100000000, 0x0000000100000000)
  eden space 4096K, 2% used [0x00000000ffb00000,0x00000000ffb147b8,0x00000000fff00000)
  from space 512K, 0% used [0x00000000fff80000,0x00000000fff80000,0x0000000100000000)
  to   space 512K, 0% used [0x00000000fff00000,0x00000000fff00000,0x00000000fff80000)
 ParOldGen       total 11264K, used 0K [0x00000000ff000000, 0x00000000ffb00000, 0x00000000ffb00000)
  object space 11264K, 0% used [0x00000000ff000000,0x00000000ff000000,0x00000000ffb00000)
 Metaspace       used 779K, capacity 4480K, committed 4480K, reserved 1056768K
  class space    used 76K, capacity 384K, committed 384K, reserved 1048576K

Card table byte_map: [0x000001d5641a0000,0x000001d5641b0000] byte_map_base: 0x000001d5639a8000

Marking Bits: (ParMarkBitMap*) 0x000000006c9bf940
 Begin Bits: [0x000001d5641c0000, 0x000001d564200000)
 End Bits:   [0x000001d564200000, 0x000001d564240000)

Polling page: 0x000001d564170000

CodeCache: size=245760Kb used=327Kb max_used=327Kb free=245432Kb
 bounds [0x000001d565a50000, 0x000001d565cc0000, 0x000001d574a50000]
 total_blobs=56 nmethods=0 adapters=38
 compilation: enabled

Compilation events (0 events):
No events

GC Heap History (0 events):
No events

Deoptimization events (0 events):
No events

Classes redefined (0 events):
No events

Internal exceptions (0 events):
No events

Events (10 events):
Event: 0.094 loading class java/lang/Short
Event: 0.094 loading class java/lang/Short done
Event: 0.094 loading class java/lang/Integer
Event: 0.095 loading class java/lang/Integer done
Event: 0.095 loading class java/lang/Long
Event: 0.096 loading class java/lang/Long done
Event: 0.098 loading class java/lang/NullPointerException
Event: 0.098 loading class java/lang/NullPointerException done
Event: 0.098 loading class java/lang/ArithmeticException
Event: 0.098 loading class java/lang/ArithmeticException done


Dynamic libraries:
0x00007ff663df0000 - 0x00007ff663e3d000 	C:\Program Files\Eclipse Adoptium\jre-8.0.472.8-hotspot\bin\javaw.exe
0x00007ff9ee700000 - 0x00007ff9ee967000 	C:\WINDOWS\SYSTEM32\ntdll.dll
0x00007ff9c8b00000 - 0x00007ff9c8b20000 	C:\Program Files\Avast Software\Avast\aswhook.dll
0x00007ff9ee3a0000 - 0x00007ff9ee469000 	C:\WINDOWS\System32\KERNEL32.DLL
0x00007ff9eb850000 - 0x00007ff9ebc3f000 	C:\WINDOWS\System32\KERNELBASE.dll
0x00007ff9ec9c0000 - 0x00007ff9eca74000 	C:\WINDOWS\System32\ADVAPI32.dll
0x00007ff9ee000000 - 0x00007ff9ee0a9000 	C:\WINDOWS\System32\msvcrt.dll
0x00007ff9ee0b0000 - 0x00007ff9ee156000 	C:\WINDOWS\System32\sechost.dll
0x00007ff9ec670000 - 0x00007ff9ec788000 	C:\WINDOWS\System32\RPCRT4.dll
0x00007ff9ec4a0000 - 0x00007ff9ec665000 	C:\WINDOWS\System32\USER32.dll
0x00007ff9ec070000 - 0x00007ff9ec097000 	C:\WINDOWS\System32\win32u.dll
0x00007ff9ee170000 - 0x00007ff9ee19b000 	C:\WINDOWS\System32\GDI32.dll
0x00007ff9ebe90000 - 0x00007ff9ebfbc000 	C:\WINDOWS\System32\gdi32full.dll
0x00007ff9ec3f0000 - 0x00007ff9ec493000 	C:\WINDOWS\System32\msvcp_win.dll
0x00007ff9ec130000 - 0x00007ff9ec27b000 	C:\WINDOWS\System32\ucrtbase.dll
0x00007ff9cbc40000 - 0x00007ff9cbed3000 	C:\WINDOWS\WinSxS\amd64_microsoft.windows.common-controls_6595b64144ccf1df_6.0.26100.7309_none_3e05feeae336a044\COMCTL32.dll
0x00007ff9ec900000 - 0x00007ff9ec931000 	C:\WINDOWS\System32\IMM32.DLL
0x00007ff987f70000 - 0x00007ff987f8e000 	C:\Program Files\Eclipse Adoptium\jre-8.0.472.8-hotspot\bin\vcruntime140.dll
0x00007ff9cf2c0000 - 0x00007ff9cf2cc000 	C:\Program Files\Eclipse Adoptium\jre-8.0.472.8-hotspot\bin\vcruntime140_1.dll
0x00007ff986650000 - 0x00007ff9866dd000 	C:\Program Files\Eclipse Adoptium\jre-8.0.472.8-hotspot\bin\msvcp140.dll
0x000000006c1a0000 - 0x000000006ca39000 	C:\Program Files\Eclipse Adoptium\jre-8.0.472.8-hotspot\bin\server\jvm.dll
0x00007ff9ee1b0000 - 0x00007ff9ee1b8000 	C:\WINDOWS\System32\PSAPI.DLL
0x00007ff9e2460000 - 0x00007ff9e246b000 	C:\WINDOWS\SYSTEM32\VERSION.dll
0x00007ff9e01d0000 - 0x00007ff9e0205000 	C:\WINDOWS\SYSTEM32\WINMM.dll
0x00007ff9e1140000 - 0x00007ff9e114a000 	C:\WINDOWS\SYSTEM32\WSOCK32.dll
0x00007ff9ee470000 - 0x00007ff9ee4e4000 	C:\WINDOWS\System32\ws2_32.DLL
0x00007ff9ea5e0000 - 0x00007ff9ea5fb000 	C:\WINDOWS\SYSTEM32\kernel.appcore.dll
0x00007ff9c4f70000 - 0x00007ff9c4f80000 	C:\Program Files\Eclipse Adoptium\jre-8.0.472.8-hotspot\bin\verify.dll
0x00007ff986620000 - 0x00007ff98664b000 	C:\Program Files\Eclipse Adoptium\jre-8.0.472.8-hotspot\bin\java.dll
0x00007ff9865c0000 - 0x00007ff9865d8000 	C:\Program Files\Eclipse Adoptium\jre-8.0.472.8-hotspot\bin\zip.dll

VM Arguments:
jvm_args: -Xmx16m 
java_command: org.eclipse.jdt.internal.launching.support.LibraryDetector
java_class_path (initial): C:\Users\ASUS\AppData\Roaming\Antigravity\User\globalStorage\redhat.java\1.50.0\config_ss_win\org.eclipse.osgi\39\0\.cp\lib\launchingsupport.jar
Launcher Type: SUN_STANDARD

Environment Variables:
JAVA_HOME=C:\Program Files\Eclipse Adoptium\jre-8.0.472.8-hotspot\
PATH=C:\Program Files\Eclipse Adoptium\jre-8.0.472.8-hotspot\bin;C:\Program Files\Eclipse Adoptium\jdk-17.0.14.7-hotspot\bin;C:\Program Files (x86)\Common Files\Intel\Shared Libraries\redist\intel64\compiler;C:\Windows\system32;C:\Windows;C:\Windows\System32\Wbem;C:\Windows\System32\WindowsPowerShell\v1.0\;C:\Windows\System32\OpenSSH\;C:\WINDOWS\system32;C:\WINDOWS;C:\WINDOWS\System32\Wbem;C:\WINDOWS\System32\WindowsPowerShell\v1.0\;C:\WINDOWS\System32\OpenSSH\;C:\MinGW\bin;C:\Program Files\nodejs\;C:\Program Files\NVIDIA Corporation\NVIDIA App\NvDLISR;C:\Program Files (x86)\NVIDIA Corporation\PhysX\Common;C:\Program Files\dotnet\;C:\Program Files\Git\cmd;C:\Program Files\cursor\resources\app\bin;C:\Users\ASUS\AppData\Local\Microsoft\WindowsApps;C:\Users\ASUS\AppData\Local\Programs\Microsoft VS Code\bin;C:\Program Files\Graphviz\bin;C:\Users\ASUS\AppData\Roaming\npm;C:\Users\ASUS\AppData\Local\Programs\Python\Python311\;C:\Users\ASUS\AppData\Local\Microsoft\WindowsApps\python.exe;C:\Users\ASUS\AppData\Local\Programs\Python\Python311\Scripts\;C:\Users\ASUS\.lmstudio\bin;C:\Users\ASUS\AppData\Local\GitHubDesktop\bin;C:\Users\ASUS\AppData\Local\Microsoft\WinGet\Packages\Gyan.FFmpeg_Microsoft.Winget.Source_8wekyb3d8bbwe\ffmpeg-7.1.1-full_build\bin;C:\Users\ASUS\AppData\Local\Microsoft\WinGet\Packages\yt-dlp.yt-dlp_Microsoft.Winget.Source_8wekyb3d8bbwe;C:\Users\ASUS\AppData\Local\PowerToys\DSCModules\;C:\Users\ASUS\AppData\Local\Programs\Antigravity\bin
USERNAME=ASUS
OS=Windows_NT
PROCESSOR_IDENTIFIER=AMD64 Family 23 Model 96 Stepping 1, AuthenticAMD



---------------  S Y S T E M  ---------------

OS: Windows 11 , 64 bit Build 26100 (10.0.26100.7309)

CPU:total 12 (initial active 12) (12 cores per cpu, 1 threads per core) family 23 model 96 stepping 1, cmov, cx8, fxsr, mmx, sse, sse2, sse3, ssse3, sse4.1, sse4.2, popcnt, avx, avx2, aes, clmul, mmxext, 3dnowpref, lzcnt, sse4a, tsc, tscinvbit, tscinv, bmi1

Memory: 4k page, physical 7780044k(67844k free), swap 31897292k(38244k free)

vm_info: OpenJDK 64-Bit Server VM (25.472-b08) for windows-amd64 JRE (1.8.0_472-b08), built on Oct 22 2025 04:36:40 by "ContainerUser" with unknown MS VC++:1937

time: Tue Jan  6 00:49:27 2026
timezone: India Standard Time
elapsed time: 1.117914 seconds (0d 0h 0m 1s)

